<?xml version="1.0" encoding="UTF-8"?>
<!-- Generated by org.testng.reporters.JUnitXMLReporter -->
<testsuite ignored="4" hostname="salimsouidi" failures="0" tests="3" name="Test" time="11.513" errors="0" timestamp="2024-08-14T00:07:08 GMT+01:00">
  <testcase classname="tests.LoginPageTest" name="loginTest" time="0.947"/>
  <testcase classname="tests.AddItemToCartTest" name="addItemToCartTest" time="0.604"/>
  <testcase classname="tests.CheckoutPageTest" name="checkoutTest" time="1.025"/>
  <testcase classname="tests.BaseTest" name="@BeforeTest setUp" time="0.0">
    <ignored/>
  </testcase> <!-- @BeforeTest setUp -->
  <testcase classname="tests.BaseTest" name="@AfterTest tearDown" time="0.0">
    <ignored/>
  </testcase> <!-- @AfterTest tearDown -->
  <testcase classname="tests.BaseTest" name="@BeforeTest setUp" time="0.0">
    <ignored/>
  </testcase> <!-- @BeforeTest setUp -->
  <testcase classname="tests.BaseTest" name="@AfterTest tearDown" time="0.0">
    <ignored/>
  </testcase> <!-- @AfterTest tearDown -->
</testsuite> <!-- Test -->
