<?xml version="1.0" encoding="UTF-8"?>
<testng-results ignored="0" total="3" passed="3" failed="0" skipped="0">
  <reporter-output>
  </reporter-output>
  <suite started-at="2024-08-14T00:06:56 GMT+01:00" name="Suite" finished-at="2024-08-14T00:07:08 GMT+01:00" duration-ms="11513">
    <groups>
    </groups>
    <test started-at="2024-08-14T00:06:56 GMT+01:00" name="Test" finished-at="2024-08-14T00:07:08 GMT+01:00" duration-ms="11513">
      <class name="tests.CheckoutPageTest">
        <test-method signature="checkoutTest()[pri:0, instance:tests.CheckoutPageTest@56620197]" started-at="2024-08-14T00:07:05 GMT+01:00" name="checkoutTest" finished-at="2024-08-14T00:07:06 GMT+01:00" duration-ms="1025" status="PASS">
          <reporter-output>
          </reporter-output>
        </test-method> <!-- checkoutTest -->
      </class> <!-- tests.CheckoutPageTest -->
      <class name="tests.AddItemToCartTest">
        <test-method signature="addItemToCartTest()[pri:0, instance:tests.AddItemToCartTest@393671df]" started-at="2024-08-14T00:07:04 GMT+01:00" name="addItemToCartTest" finished-at="2024-08-14T00:07:05 GMT+01:00" duration-ms="604" status="PASS">
          <reporter-output>
          </reporter-output>
        </test-method> <!-- addItemToCartTest -->
      </class> <!-- tests.AddItemToCartTest -->
      <class name="tests.LoginPageTest">
        <test-method is-config="true" signature="setUp(java.lang.String,java.lang.String)[pri:0, instance:tests.LoginPageTest@7193666c]" started-at="2024-08-14T00:06:56 GMT+01:00" name="setUp" finished-at="2024-08-14T00:07:03 GMT+01:00" duration-ms="7096" status="PASS">
          <params>
            <param index="0">
              <value>
                <![CDATA[edge]]>
              </value>
            </param>
            <param index="1">
              <value>
                <![CDATA[https://www.saucedemo.com/]]>
              </value>
            </param>
          </params>
          <reporter-output>
          </reporter-output>
        </test-method> <!-- setUp -->
        <test-method signature="loginTest(java.lang.String,java.lang.String)[pri:1, instance:tests.LoginPageTest@7193666c]" started-at="2024-08-14T00:07:03 GMT+01:00" name="loginTest" data-provider="userData" finished-at="2024-08-14T00:07:04 GMT+01:00" duration-ms="947" status="PASS">
          <params>
            <param index="0">
              <value>
                <![CDATA[standard_user]]>
              </value>
            </param>
            <param index="1">
              <value>
                <![CDATA[secret_sauce]]>
              </value>
            </param>
          </params>
          <reporter-output>
          </reporter-output>
        </test-method> <!-- loginTest -->
        <test-method is-config="true" signature="tearDown()[pri:0, instance:tests.LoginPageTest@7193666c]" started-at="2024-08-14T00:07:06 GMT+01:00" name="tearDown" finished-at="2024-08-14T00:07:08 GMT+01:00" duration-ms="1668" status="PASS">
          <reporter-output>
          </reporter-output>
        </test-method> <!-- tearDown -->
      </class> <!-- tests.LoginPageTest -->
    </test> <!-- Test -->
  </suite> <!-- Suite -->
</testng-results>
